<?xml version="1.0" encoding="UTF-8"?>
<testng-results skipped="0" failed="0" ignored="0" total="1" passed="1">
  <reporter-output>
  </reporter-output>
  <suite name="Default suite" duration-ms="20880" started-at="2020-10-31T13:42:52 IST" finished-at="2020-10-31T13:43:13 IST">
    <groups>
    </groups>
    <test name="Default test" duration-ms="20880" started-at="2020-10-31T13:42:52 IST" finished-at="2020-10-31T13:43:13 IST">
      <class name="seleniumBasicFeatures.ElementRadioButton">
        <test-method status="PASS" signature="test1()[pri:0, instance:seleniumBasicFeatures.ElementRadioButton@7d907bac]" name="test1" duration-ms="20802" started-at="2020-10-31T13:42:52 IST" finished-at="2020-10-31T13:43:13 IST">
          <reporter-output>
          </reporter-output>
        </test-method> <!-- test1 -->
      </class> <!-- seleniumBasicFeatures.ElementRadioButton -->
    </test> <!-- Default test -->
  </suite> <!-- Default suite -->
</testng-results>
