<?xml version="1.0" encoding="UTF-8"?>
<!-- Generated by org.testng.reporters.JUnitXMLReporter -->
<testsuite hostname="DESKTOP-SFMOE93" ignored="0" name=" Prajyot Test" tests="4" failures="0" timestamp="2020-10-10T13:09:46 IST" time="0.076" errors="0">
  <testcase name="test1" time="0.009" classname="payment.Testing"/>
  <testcase name="test2" time="0.002" classname="payment.Testing"/>
  <testcase name="test1" time="0.004" classname="payment.Testing2"/>
  <testcase name="test2" time="0.001" classname="payment.Testing2"/>
</testsuite> <!--  Prajyot Test -->
