<?xml version="1.0" encoding="UTF-8"?>
<!-- Generated by org.testng.reporters.JUnitXMLReporter -->
<testsuite hostname="DESKTOP-SFMOE93" ignored="1" name=" Prajyot Test" tests="3" failures="0" timestamp="2020-10-11T09:35:29 IST" time="0.088" errors="0">
  <testcase name="test1" time="0.011" classname="payment.Testing"/>
  <testcase name="test1" time="0.003" classname="payment.Testing2"/>
  <testcase name="test2" time="0.003" classname="payment.Testing2"/>
  <testcase name="test2" time="0.0" classname="payment.Testing">
    <ignored/>
  </testcase> <!-- test2 -->
</testsuite> <!--  Prajyot Test -->
