<?xml version="1.0" encoding="UTF-8"?>
<!-- Generated by org.testng.reporters.JUnitXMLReporter -->
<testsuite hostname="DESKTOP-SFMOE93" ignored="0" name="EOD validations module" tests="4" failures="0" timestamp="2020-10-11T09:35:30 IST" time="0.059" errors="0">
  <testcase name="test1" time="0.004" classname="eodValidations.Testing"/>
  <testcase name="test2" time="0.002" classname="eodValidations.Testing"/>
  <testcase name="test1" time="0.002" classname="eodValidations.Testing2"/>
  <testcase name="test2" time="0.002" classname="eodValidations.Testing2"/>
</testsuite> <!-- EOD validations module -->
