<?xml version="1.0" encoding="UTF-8"?>
<!-- Generated by org.testng.reporters.JUnitXMLReporter -->
<testsuite hostname="DESKTOP-SFMOE93" ignored="0" name="Fund transfer module" tests="4" failures="0" timestamp="2020-10-10T13:09:46 IST" time="0.038" errors="0">
  <testcase name="test1" time="0.001" classname="fundTransfer.Testing"/>
  <testcase name="test2" time="0.008" classname="fundTransfer.Testing"/>
  <testcase name="test1" time="0.001" classname="fundTransfer.Testing2"/>
  <testcase name="test2" time="0.002" classname="fundTransfer.Testing2"/>
</testsuite> <!-- Fund transfer module -->
