<?xml version="1.0" encoding="UTF-8"?>
<!-- Generated by org.testng.reporters.JUnitXMLReporter -->
<testsuite hostname="DESKTOP-SFMOE93" ignored="0" name="Reports module" tests="4" failures="0" timestamp="2020-10-10T13:09:47 IST" time="0.085" errors="0">
  <testcase name="test1" time="0.002" classname="reports.Testing"/>
  <testcase name="test2" time="0.001" classname="reports.Testing"/>
  <testcase name="test1" time="0.004" classname="reports.Testing2"/>
  <testcase name="test2" time="0.005" classname="reports.Testing2"/>
</testsuite> <!-- Reports module -->
