<?xml version="1.0" encoding="UTF-8"?>
<testng-results skipped="0" failed="0" ignored="0" total="1" passed="1">
  <reporter-output>
  </reporter-output>
  <suite name="Suite" duration-ms="52" started-at="2020-10-24T11:43:42 IST" finished-at="2020-10-24T11:43:42 IST">
    <groups>
    </groups>
    <test name="Test" duration-ms="52" started-at="2020-10-24T11:43:42 IST" finished-at="2020-10-24T11:43:42 IST">
      <class name="basicFunctions.ParametersConcept">
        <test-method status="PASS" signature="launchBrowser(java.lang.String)[pri:0, instance:basicFunctions.ParametersConcept@61f8bee4]" name="launchBrowser" duration-ms="12" started-at="2020-10-24T11:43:42 IST" finished-at="2020-10-24T11:43:42 IST">
          <params>
            <param index="0">
              <value>
                <![CDATA[Chrome]]>
              </value>
            </param>
          </params>
          <reporter-output>
          </reporter-output>
        </test-method> <!-- launchBrowser -->
      </class> <!-- basicFunctions.ParametersConcept -->
    </test> <!-- Test -->
  </suite> <!-- Suite -->
</testng-results>
