<?xml version="1.0" encoding="UTF-8"?>
<testng-results skipped="0" failed="0" ignored="1" total="16" passed="15">
  <reporter-output>
  </reporter-output>
  <suite name="Regression suite" duration-ms="338" started-at="2020-10-11T09:35:29 IST" finished-at="2020-10-11T09:35:30 IST">
    <groups>
    </groups>
    <test name=" Prajyot Test" duration-ms="88" started-at="2020-10-11T09:35:29 IST" finished-at="2020-10-11T09:35:29 IST">
      <class name="payment.Testing2">
        <test-method status="PASS" signature="beforeClass()[pri:0, instance:payment.Testing2@627551fb]" name="beforeClass" is-config="true" duration-ms="1" started-at="2020-10-11T09:35:29 IST" finished-at="2020-10-11T09:35:29 IST">
          <reporter-output>
          </reporter-output>
        </test-method> <!-- beforeClass -->
        <test-method status="PASS" signature="beforeMethod()[pri:0, instance:payment.Testing2@627551fb]" name="beforeMethod" is-config="true" duration-ms="1" started-at="2020-10-11T09:35:29 IST" finished-at="2020-10-11T09:35:29 IST">
          <reporter-output>
          </reporter-output>
        </test-method> <!-- beforeMethod -->
        <test-method status="PASS" signature="test1()[pri:0, instance:payment.Testing2@627551fb]" name="test1" duration-ms="3" started-at="2020-10-11T09:35:29 IST" finished-at="2020-10-11T09:35:29 IST">
          <reporter-output>
          </reporter-output>
        </test-method> <!-- test1 -->
        <test-method status="PASS" signature="afterMethod()[pri:0, instance:payment.Testing2@627551fb]" name="afterMethod" is-config="true" duration-ms="1" started-at="2020-10-11T09:35:29 IST" finished-at="2020-10-11T09:35:29 IST">
          <reporter-output>
          </reporter-output>
        </test-method> <!-- afterMethod -->
        <test-method status="PASS" signature="beforeMethod()[pri:0, instance:payment.Testing2@627551fb]" name="beforeMethod" is-config="true" duration-ms="2" started-at="2020-10-11T09:35:29 IST" finished-at="2020-10-11T09:35:29 IST">
          <reporter-output>
          </reporter-output>
        </test-method> <!-- beforeMethod -->
        <test-method status="PASS" signature="test2()[pri:0, instance:payment.Testing2@627551fb]" name="test2" duration-ms="3" started-at="2020-10-11T09:35:29 IST" finished-at="2020-10-11T09:35:29 IST">
          <reporter-output>
          </reporter-output>
        </test-method> <!-- test2 -->
        <test-method status="PASS" signature="afterClass()[pri:0, instance:payment.Testing2@627551fb]" name="afterClass" is-config="true" duration-ms="1" started-at="2020-10-11T09:35:29 IST" finished-at="2020-10-11T09:35:29 IST">
          <reporter-output>
          </reporter-output>
        </test-method> <!-- afterClass -->
        <test-method status="PASS" signature="afterMethod()[pri:0, instance:payment.Testing2@627551fb]" name="afterMethod" is-config="true" duration-ms="0" started-at="2020-10-11T09:35:29 IST" finished-at="2020-10-11T09:35:29 IST">
          <reporter-output>
          </reporter-output>
        </test-method> <!-- afterMethod -->
      </class> <!-- payment.Testing2 -->
      <class name="payment.Testing">
        <test-method status="PASS" signature="beforePaymentModule()[pri:0, instance:payment.Testing@3701eaf6]" name="beforePaymentModule" is-config="true" duration-ms="1" started-at="2020-10-11T09:35:29 IST" finished-at="2020-10-11T09:35:29 IST">
          <reporter-output>
          </reporter-output>
        </test-method> <!-- beforePaymentModule -->
        <test-method status="PASS" signature="beforeClass()[pri:0, instance:payment.Testing@3701eaf6]" name="beforeClass" is-config="true" duration-ms="0" started-at="2020-10-11T09:35:29 IST" finished-at="2020-10-11T09:35:29 IST">
          <reporter-output>
          </reporter-output>
        </test-method> <!-- beforeClass -->
        <test-method status="PASS" signature="beforeMethod()[pri:0, instance:payment.Testing@3701eaf6]" name="beforeMethod" is-config="true" duration-ms="1" started-at="2020-10-11T09:35:29 IST" finished-at="2020-10-11T09:35:29 IST">
          <reporter-output>
          </reporter-output>
        </test-method> <!-- beforeMethod -->
        <test-method status="PASS" signature="test1()[pri:0, instance:payment.Testing@3701eaf6]" name="test1" duration-ms="11" started-at="2020-10-11T09:35:29 IST" finished-at="2020-10-11T09:35:29 IST">
          <reporter-output>
          </reporter-output>
        </test-method> <!-- test1 -->
        <test-method status="PASS" signature="afterMethod()[pri:0, instance:payment.Testing@3701eaf6]" name="afterMethod" is-config="true" duration-ms="0" started-at="2020-10-11T09:35:29 IST" finished-at="2020-10-11T09:35:29 IST">
          <reporter-output>
          </reporter-output>
        </test-method> <!-- afterMethod -->
        <test-method status="PASS" signature="afterClass()[pri:0, instance:payment.Testing@3701eaf6]" name="afterClass" is-config="true" duration-ms="0" started-at="2020-10-11T09:35:29 IST" finished-at="2020-10-11T09:35:29 IST">
          <reporter-output>
          </reporter-output>
        </test-method> <!-- afterClass -->
        <test-method status="PASS" signature="afterPaymentModule()[pri:0, instance:payment.Testing@3701eaf6]" name="afterPaymentModule" is-config="true" duration-ms="1" started-at="2020-10-11T09:35:29 IST" finished-at="2020-10-11T09:35:29 IST">
          <reporter-output>
          </reporter-output>
        </test-method> <!-- afterPaymentModule -->
      </class> <!-- payment.Testing -->
    </test> <!--  Prajyot Test -->
    <test name="Fund transfer module" duration-ms="61" started-at="2020-10-11T09:35:29 IST" finished-at="2020-10-11T09:35:30 IST">
      <class name="fundTransfer.Testing">
        <test-method status="PASS" signature="beforePaymentModule()[pri:0, instance:fundTransfer.Testing@26aa12dd]" name="beforePaymentModule" is-config="true" duration-ms="1" started-at="2020-10-11T09:35:29 IST" finished-at="2020-10-11T09:35:29 IST">
          <reporter-output>
          </reporter-output>
        </test-method> <!-- beforePaymentModule -->
        <test-method status="PASS" signature="beforeClass()[pri:0, instance:fundTransfer.Testing@26aa12dd]" name="beforeClass" is-config="true" duration-ms="0" started-at="2020-10-11T09:35:29 IST" finished-at="2020-10-11T09:35:29 IST">
          <reporter-output>
          </reporter-output>
        </test-method> <!-- beforeClass -->
        <test-method status="PASS" signature="beforeMethod()[pri:0, instance:fundTransfer.Testing@26aa12dd]" name="beforeMethod" is-config="true" duration-ms="1" started-at="2020-10-11T09:35:29 IST" finished-at="2020-10-11T09:35:29 IST">
          <reporter-output>
          </reporter-output>
        </test-method> <!-- beforeMethod -->
        <test-method status="PASS" signature="test1()[pri:0, instance:fundTransfer.Testing@26aa12dd]" name="test1" duration-ms="3" started-at="2020-10-11T09:35:29 IST" finished-at="2020-10-11T09:35:29 IST">
          <reporter-output>
          </reporter-output>
        </test-method> <!-- test1 -->
        <test-method status="PASS" signature="afterMethod()[pri:0, instance:fundTransfer.Testing@26aa12dd]" name="afterMethod" is-config="true" duration-ms="3" started-at="2020-10-11T09:35:29 IST" finished-at="2020-10-11T09:35:30 IST">
          <reporter-output>
          </reporter-output>
        </test-method> <!-- afterMethod -->
        <test-method status="PASS" signature="test2()[pri:0, instance:fundTransfer.Testing@26aa12dd]" name="test2" duration-ms="2" started-at="2020-10-11T09:35:30 IST" finished-at="2020-10-11T09:35:30 IST">
          <reporter-output>
          </reporter-output>
        </test-method> <!-- test2 -->
        <test-method status="PASS" signature="beforeMethod()[pri:0, instance:fundTransfer.Testing@26aa12dd]" name="beforeMethod" is-config="true" duration-ms="0" started-at="2020-10-11T09:35:30 IST" finished-at="2020-10-11T09:35:30 IST">
          <reporter-output>
          </reporter-output>
        </test-method> <!-- beforeMethod -->
        <test-method status="PASS" signature="afterMethod()[pri:0, instance:fundTransfer.Testing@26aa12dd]" name="afterMethod" is-config="true" duration-ms="0" started-at="2020-10-11T09:35:30 IST" finished-at="2020-10-11T09:35:30 IST">
          <reporter-output>
          </reporter-output>
        </test-method> <!-- afterMethod -->
        <test-method status="PASS" signature="afterClass()[pri:0, instance:fundTransfer.Testing@26aa12dd]" name="afterClass" is-config="true" duration-ms="1" started-at="2020-10-11T09:35:30 IST" finished-at="2020-10-11T09:35:30 IST">
          <reporter-output>
          </reporter-output>
        </test-method> <!-- afterClass -->
        <test-method status="PASS" signature="afterPaymentModule()[pri:0, instance:fundTransfer.Testing@26aa12dd]" name="afterPaymentModule" is-config="true" duration-ms="1" started-at="2020-10-11T09:35:30 IST" finished-at="2020-10-11T09:35:30 IST">
          <reporter-output>
          </reporter-output>
        </test-method> <!-- afterPaymentModule -->
      </class> <!-- fundTransfer.Testing -->
      <class name="fundTransfer.Testing2">
        <test-method status="PASS" signature="beforeClass()[pri:0, instance:fundTransfer.Testing2@3fd7a715]" name="beforeClass" is-config="true" duration-ms="0" started-at="2020-10-11T09:35:30 IST" finished-at="2020-10-11T09:35:30 IST">
          <reporter-output>
          </reporter-output>
        </test-method> <!-- beforeClass -->
        <test-method status="PASS" signature="beforeMethod()[pri:0, instance:fundTransfer.Testing2@3fd7a715]" name="beforeMethod" is-config="true" duration-ms="0" started-at="2020-10-11T09:35:30 IST" finished-at="2020-10-11T09:35:30 IST">
          <reporter-output>
          </reporter-output>
        </test-method> <!-- beforeMethod -->
        <test-method status="PASS" signature="test1()[pri:0, instance:fundTransfer.Testing2@3fd7a715]" name="test1" duration-ms="3" started-at="2020-10-11T09:35:30 IST" finished-at="2020-10-11T09:35:30 IST">
          <reporter-output>
          </reporter-output>
        </test-method> <!-- test1 -->
        <test-method status="PASS" signature="afterMethod()[pri:0, instance:fundTransfer.Testing2@3fd7a715]" name="afterMethod" is-config="true" duration-ms="0" started-at="2020-10-11T09:35:30 IST" finished-at="2020-10-11T09:35:30 IST">
          <reporter-output>
          </reporter-output>
        </test-method> <!-- afterMethod -->
        <test-method status="PASS" signature="beforeMethod()[pri:0, instance:fundTransfer.Testing2@3fd7a715]" name="beforeMethod" is-config="true" duration-ms="0" started-at="2020-10-11T09:35:30 IST" finished-at="2020-10-11T09:35:30 IST">
          <reporter-output>
          </reporter-output>
        </test-method> <!-- beforeMethod -->
        <test-method status="PASS" signature="test2()[pri:0, instance:fundTransfer.Testing2@3fd7a715]" name="test2" duration-ms="2" started-at="2020-10-11T09:35:30 IST" finished-at="2020-10-11T09:35:30 IST">
          <reporter-output>
          </reporter-output>
        </test-method> <!-- test2 -->
        <test-method status="PASS" signature="afterMethod()[pri:0, instance:fundTransfer.Testing2@3fd7a715]" name="afterMethod" is-config="true" duration-ms="1" started-at="2020-10-11T09:35:30 IST" finished-at="2020-10-11T09:35:30 IST">
          <reporter-output>
          </reporter-output>
        </test-method> <!-- afterMethod -->
        <test-method status="PASS" signature="afterClass()[pri:0, instance:fundTransfer.Testing2@3fd7a715]" name="afterClass" is-config="true" duration-ms="1" started-at="2020-10-11T09:35:30 IST" finished-at="2020-10-11T09:35:30 IST">
          <reporter-output>
          </reporter-output>
        </test-method> <!-- afterClass -->
      </class> <!-- fundTransfer.Testing2 -->
    </test> <!-- Fund transfer module -->
    <test name="Reports module" duration-ms="55" started-at="2020-10-11T09:35:30 IST" finished-at="2020-10-11T09:35:30 IST">
      <class name="reports.Testing">
        <test-method status="PASS" signature="beforeReportsModule()[pri:0, instance:reports.Testing@64729b1e]" name="beforeReportsModule" is-config="true" duration-ms="2" started-at="2020-10-11T09:35:30 IST" finished-at="2020-10-11T09:35:30 IST">
          <reporter-output>
          </reporter-output>
        </test-method> <!-- beforeReportsModule -->
        <test-method status="PASS" signature="beforeClass()[pri:0, instance:reports.Testing@64729b1e]" name="beforeClass" is-config="true" duration-ms="0" started-at="2020-10-11T09:35:30 IST" finished-at="2020-10-11T09:35:30 IST">
          <reporter-output>
          </reporter-output>
        </test-method> <!-- beforeClass -->
        <test-method status="PASS" signature="test1()[pri:0, instance:reports.Testing@64729b1e]" name="test1" duration-ms="4" started-at="2020-10-11T09:35:30 IST" finished-at="2020-10-11T09:35:30 IST">
          <reporter-output>
          </reporter-output>
        </test-method> <!-- test1 -->
        <test-method status="PASS" signature="beforeMethod()[pri:0, instance:reports.Testing@64729b1e]" name="beforeMethod" is-config="true" duration-ms="0" started-at="2020-10-11T09:35:30 IST" finished-at="2020-10-11T09:35:30 IST">
          <reporter-output>
          </reporter-output>
        </test-method> <!-- beforeMethod -->
        <test-method status="PASS" signature="afterMethod()[pri:0, instance:reports.Testing@64729b1e]" name="afterMethod" is-config="true" duration-ms="0" started-at="2020-10-11T09:35:30 IST" finished-at="2020-10-11T09:35:30 IST">
          <reporter-output>
          </reporter-output>
        </test-method> <!-- afterMethod -->
        <test-method status="PASS" signature="beforeMethod()[pri:0, instance:reports.Testing@64729b1e]" name="beforeMethod" is-config="true" duration-ms="1" started-at="2020-10-11T09:35:30 IST" finished-at="2020-10-11T09:35:30 IST">
          <reporter-output>
          </reporter-output>
        </test-method> <!-- beforeMethod -->
        <test-method status="PASS" signature="test2()[pri:0, instance:reports.Testing@64729b1e]" name="test2" duration-ms="1" started-at="2020-10-11T09:35:30 IST" finished-at="2020-10-11T09:35:30 IST">
          <reporter-output>
          </reporter-output>
        </test-method> <!-- test2 -->
        <test-method status="PASS" signature="afterMethod()[pri:0, instance:reports.Testing@64729b1e]" name="afterMethod" is-config="true" duration-ms="1" started-at="2020-10-11T09:35:30 IST" finished-at="2020-10-11T09:35:30 IST">
          <reporter-output>
          </reporter-output>
        </test-method> <!-- afterMethod -->
        <test-method status="PASS" signature="afterClass()[pri:0, instance:reports.Testing@64729b1e]" name="afterClass" is-config="true" duration-ms="1" started-at="2020-10-11T09:35:30 IST" finished-at="2020-10-11T09:35:30 IST">
          <reporter-output>
          </reporter-output>
        </test-method> <!-- afterClass -->
        <test-method status="PASS" signature="afterReportsModule()[pri:0, instance:reports.Testing@64729b1e]" name="afterReportsModule" is-config="true" duration-ms="1" started-at="2020-10-11T09:35:30 IST" finished-at="2020-10-11T09:35:30 IST">
          <reporter-output>
          </reporter-output>
        </test-method> <!-- afterReportsModule -->
      </class> <!-- reports.Testing -->
      <class name="reports.Testing2">
        <test-method status="PASS" signature="beforeClass()[pri:0, instance:reports.Testing2@10bbd20a]" name="beforeClass" is-config="true" duration-ms="1" started-at="2020-10-11T09:35:30 IST" finished-at="2020-10-11T09:35:30 IST">
          <reporter-output>
          </reporter-output>
        </test-method> <!-- beforeClass -->
        <test-method status="PASS" signature="beforeMethod()[pri:0, instance:reports.Testing2@10bbd20a]" name="beforeMethod" is-config="true" duration-ms="5" started-at="2020-10-11T09:35:30 IST" finished-at="2020-10-11T09:35:30 IST">
          <reporter-output>
          </reporter-output>
        </test-method> <!-- beforeMethod -->
        <test-method status="PASS" signature="test1()[pri:0, instance:reports.Testing2@10bbd20a]" name="test1" duration-ms="6" started-at="2020-10-11T09:35:30 IST" finished-at="2020-10-11T09:35:30 IST">
          <reporter-output>
          </reporter-output>
        </test-method> <!-- test1 -->
        <test-method status="PASS" signature="afterMethod()[pri:0, instance:reports.Testing2@10bbd20a]" name="afterMethod" is-config="true" duration-ms="0" started-at="2020-10-11T09:35:30 IST" finished-at="2020-10-11T09:35:30 IST">
          <reporter-output>
          </reporter-output>
        </test-method> <!-- afterMethod -->
        <test-method status="PASS" signature="test2()[pri:0, instance:reports.Testing2@10bbd20a]" name="test2" duration-ms="6" started-at="2020-10-11T09:35:30 IST" finished-at="2020-10-11T09:35:30 IST">
          <reporter-output>
          </reporter-output>
        </test-method> <!-- test2 -->
        <test-method status="PASS" signature="beforeMethod()[pri:0, instance:reports.Testing2@10bbd20a]" name="beforeMethod" is-config="true" duration-ms="0" started-at="2020-10-11T09:35:30 IST" finished-at="2020-10-11T09:35:30 IST">
          <reporter-output>
          </reporter-output>
        </test-method> <!-- beforeMethod -->
        <test-method status="PASS" signature="afterMethod()[pri:0, instance:reports.Testing2@10bbd20a]" name="afterMethod" is-config="true" duration-ms="0" started-at="2020-10-11T09:35:30 IST" finished-at="2020-10-11T09:35:30 IST">
          <reporter-output>
          </reporter-output>
        </test-method> <!-- afterMethod -->
        <test-method status="PASS" signature="afterClass()[pri:0, instance:reports.Testing2@10bbd20a]" name="afterClass" is-config="true" duration-ms="3" started-at="2020-10-11T09:35:30 IST" finished-at="2020-10-11T09:35:30 IST">
          <reporter-output>
          </reporter-output>
        </test-method> <!-- afterClass -->
      </class> <!-- reports.Testing2 -->
    </test> <!-- Reports module -->
    <test name="EOD validations module" duration-ms="59" started-at="2020-10-11T09:35:30 IST" finished-at="2020-10-11T09:35:30 IST">
      <class name="payment.Testing">
        <test-method status="PASS" signature="beforeSuite()[pri:0, instance:payment.Testing@3701eaf6]" name="beforeSuite" is-config="true" duration-ms="10" started-at="2020-10-11T09:35:29 IST" finished-at="2020-10-11T09:35:29 IST">
          <reporter-output>
          </reporter-output>
        </test-method> <!-- beforeSuite -->
        <test-method status="PASS" signature="afterSuite()[pri:0, instance:payment.Testing@3701eaf6]" name="afterSuite" is-config="true" duration-ms="0" started-at="2020-10-11T09:35:30 IST" finished-at="2020-10-11T09:35:30 IST">
          <reporter-output>
          </reporter-output>
        </test-method> <!-- afterSuite -->
      </class> <!-- payment.Testing -->
      <class name="eodValidations.Testing">
        <test-method status="PASS" signature="beforeEODModule()[pri:0, instance:eodValidations.Testing@1e965684]" name="beforeEODModule" is-config="true" duration-ms="1" started-at="2020-10-11T09:35:30 IST" finished-at="2020-10-11T09:35:30 IST">
          <reporter-output>
          </reporter-output>
        </test-method> <!-- beforeEODModule -->
        <test-method status="PASS" signature="beforeClass()[pri:0, instance:eodValidations.Testing@1e965684]" name="beforeClass" is-config="true" duration-ms="0" started-at="2020-10-11T09:35:30 IST" finished-at="2020-10-11T09:35:30 IST">
          <reporter-output>
          </reporter-output>
        </test-method> <!-- beforeClass -->
        <test-method status="PASS" signature="beforeMethod()[pri:0, instance:eodValidations.Testing@1e965684]" name="beforeMethod" is-config="true" duration-ms="0" started-at="2020-10-11T09:35:30 IST" finished-at="2020-10-11T09:35:30 IST">
          <reporter-output>
          </reporter-output>
        </test-method> <!-- beforeMethod -->
        <test-method status="PASS" signature="test1()[pri:0, instance:eodValidations.Testing@1e965684]" name="test1" duration-ms="4" started-at="2020-10-11T09:35:30 IST" finished-at="2020-10-11T09:35:30 IST">
          <reporter-output>
          </reporter-output>
        </test-method> <!-- test1 -->
        <test-method status="PASS" signature="afterMethod()[pri:0, instance:eodValidations.Testing@1e965684]" name="afterMethod" is-config="true" duration-ms="1" started-at="2020-10-11T09:35:30 IST" finished-at="2020-10-11T09:35:30 IST">
          <reporter-output>
          </reporter-output>
        </test-method> <!-- afterMethod -->
        <test-method status="PASS" signature="beforeMethod()[pri:0, instance:eodValidations.Testing@1e965684]" name="beforeMethod" is-config="true" duration-ms="2" started-at="2020-10-11T09:35:30 IST" finished-at="2020-10-11T09:35:30 IST">
          <reporter-output>
          </reporter-output>
        </test-method> <!-- beforeMethod -->
        <test-method status="PASS" signature="test2()[pri:0, instance:eodValidations.Testing@1e965684]" name="test2" duration-ms="2" started-at="2020-10-11T09:35:30 IST" finished-at="2020-10-11T09:35:30 IST">
          <reporter-output>
          </reporter-output>
        </test-method> <!-- test2 -->
        <test-method status="PASS" signature="afterMethod()[pri:0, instance:eodValidations.Testing@1e965684]" name="afterMethod" is-config="true" duration-ms="1" started-at="2020-10-11T09:35:30 IST" finished-at="2020-10-11T09:35:30 IST">
          <reporter-output>
          </reporter-output>
        </test-method> <!-- afterMethod -->
        <test-method status="PASS" signature="afterClass()[pri:0, instance:eodValidations.Testing@1e965684]" name="afterClass" is-config="true" duration-ms="0" started-at="2020-10-11T09:35:30 IST" finished-at="2020-10-11T09:35:30 IST">
          <reporter-output>
          </reporter-output>
        </test-method> <!-- afterClass -->
        <test-method status="PASS" signature="afterEODModule()[pri:0, instance:eodValidations.Testing@1e965684]" name="afterEODModule" is-config="true" duration-ms="0" started-at="2020-10-11T09:35:30 IST" finished-at="2020-10-11T09:35:30 IST">
          <reporter-output>
          </reporter-output>
        </test-method> <!-- afterEODModule -->
      </class> <!-- eodValidations.Testing -->
      <class name="eodValidations.Testing2">
        <test-method status="PASS" signature="beforeClass()[pri:0, instance:eodValidations.Testing2@4d95d2a2]" name="beforeClass" is-config="true" duration-ms="0" started-at="2020-10-11T09:35:30 IST" finished-at="2020-10-11T09:35:30 IST">
          <reporter-output>
          </reporter-output>
        </test-method> <!-- beforeClass -->
        <test-method status="PASS" signature="beforeMethod()[pri:0, instance:eodValidations.Testing2@4d95d2a2]" name="beforeMethod" is-config="true" duration-ms="1" started-at="2020-10-11T09:35:30 IST" finished-at="2020-10-11T09:35:30 IST">
          <reporter-output>
          </reporter-output>
        </test-method> <!-- beforeMethod -->
        <test-method status="PASS" signature="test1()[pri:0, instance:eodValidations.Testing2@4d95d2a2]" name="test1" duration-ms="2" started-at="2020-10-11T09:35:30 IST" finished-at="2020-10-11T09:35:30 IST">
          <reporter-output>
          </reporter-output>
        </test-method> <!-- test1 -->
        <test-method status="PASS" signature="afterMethod()[pri:0, instance:eodValidations.Testing2@4d95d2a2]" name="afterMethod" is-config="true" duration-ms="0" started-at="2020-10-11T09:35:30 IST" finished-at="2020-10-11T09:35:30 IST">
          <reporter-output>
          </reporter-output>
        </test-method> <!-- afterMethod -->
        <test-method status="PASS" signature="beforeMethod()[pri:0, instance:eodValidations.Testing2@4d95d2a2]" name="beforeMethod" is-config="true" duration-ms="1" started-at="2020-10-11T09:35:30 IST" finished-at="2020-10-11T09:35:30 IST">
          <reporter-output>
          </reporter-output>
        </test-method> <!-- beforeMethod -->
        <test-method status="PASS" signature="test2()[pri:0, instance:eodValidations.Testing2@4d95d2a2]" name="test2" duration-ms="2" started-at="2020-10-11T09:35:30 IST" finished-at="2020-10-11T09:35:30 IST">
          <reporter-output>
          </reporter-output>
        </test-method> <!-- test2 -->
        <test-method status="PASS" signature="afterMethod()[pri:0, instance:eodValidations.Testing2@4d95d2a2]" name="afterMethod" is-config="true" duration-ms="1" started-at="2020-10-11T09:35:30 IST" finished-at="2020-10-11T09:35:30 IST">
          <reporter-output>
          </reporter-output>
        </test-method> <!-- afterMethod -->
        <test-method status="PASS" signature="afterClass()[pri:0, instance:eodValidations.Testing2@4d95d2a2]" name="afterClass" is-config="true" duration-ms="1" started-at="2020-10-11T09:35:30 IST" finished-at="2020-10-11T09:35:30 IST">
          <reporter-output>
          </reporter-output>
        </test-method> <!-- afterClass -->
      </class> <!-- eodValidations.Testing2 -->
    </test> <!-- EOD validations module -->
  </suite> <!-- Regression suite -->
</testng-results>
